<?xml version="1.0" encoding="UTF-8"?>
<coverage generated="1696513301619" clover="3.2.0">
  <project timestamp="1696513301619" name="All files">
    <metrics statements="66" coveredstatements="63" conditionals="39" coveredconditionals="35" methods="26" coveredmethods="26" elements="131" coveredelements="124" complexity="0" loc="66" ncloc="66" packages="1" files="1" classes="1"/>
    <file name="index.ts" path="/Users/telephant/self/retryit/src/index.ts">
      <metrics statements="66" coveredstatements="63" conditionals="39" coveredconditionals="35" methods="26" coveredmethods="26"/>
      <line num="2" count="1" type="cond" truecount="3" falsecount="0"/>
      <line num="3" count="63" type="cond" truecount="2" falsecount="0"/>
      <line num="4" count="63" type="cond" truecount="2" falsecount="0"/>
      <line num="5" count="53" type="stmt"/>
      <line num="6" count="10" type="stmt"/>
      <line num="7" count="125" type="cond" truecount="2" falsecount="0"/>
      <line num="8" count="63" type="cond" truecount="2" falsecount="0"/>
      <line num="11" count="1" type="stmt"/>
      <line num="13" count="1" type="stmt"/>
      <line num="14" count="1" type="stmt"/>
      <line num="26" count="10" type="stmt"/>
      <line num="27" count="10" type="stmt"/>
      <line num="28" count="10" type="stmt"/>
      <line num="29" count="10" type="stmt"/>
      <line num="30" count="10" type="stmt"/>
      <line num="31" count="10" type="stmt"/>
      <line num="32" count="10" type="stmt"/>
      <line num="35" count="9" type="cond" truecount="1" falsecount="1"/>
      <line num="36" count="0" type="stmt"/>
      <line num="38" count="9" type="stmt"/>
      <line num="39" count="9" type="stmt"/>
      <line num="42" count="9" type="stmt"/>
      <line num="43" count="9" type="stmt"/>
      <line num="46" count="9" type="stmt"/>
      <line num="47" count="9" type="stmt"/>
      <line num="50" count="9" type="stmt"/>
      <line num="51" count="9" type="stmt"/>
      <line num="52" count="9" type="stmt"/>
      <line num="60" count="3" type="stmt"/>
      <line num="61" count="3" type="stmt"/>
      <line num="64" count="10" type="stmt"/>
      <line num="65" count="10" type="cond" truecount="2" falsecount="0"/>
      <line num="66" count="1" type="stmt"/>
      <line num="68" count="9" type="stmt"/>
      <line num="69" count="9" type="cond" truecount="1" falsecount="1"/>
      <line num="70" count="9" type="stmt"/>
      <line num="77" count="22" type="stmt"/>
      <line num="78" count="22" type="cond" truecount="1" falsecount="1"/>
      <line num="79" count="0" type="stmt"/>
      <line num="80" count="0" type="stmt"/>
      <line num="82" count="22" type="stmt"/>
      <line num="83" count="22" type="stmt"/>
      <line num="84" count="15" type="cond" truecount="2" falsecount="0"/>
      <line num="85" count="15" type="cond" truecount="2" falsecount="0"/>
      <line num="86" count="13" type="stmt"/>
      <line num="87" count="13" type="stmt"/>
      <line num="90" count="2" type="cond" truecount="4" falsecount="0"/>
      <line num="91" count="2" type="stmt"/>
      <line num="94" count="22" type="stmt"/>
      <line num="96" count="22" type="stmt"/>
      <line num="97" count="22" type="cond" truecount="3" falsecount="1"/>
      <line num="98" count="12" type="stmt"/>
      <line num="99" count="12" type="cond" truecount="4" falsecount="0"/>
      <line num="100" count="5" type="stmt"/>
      <line num="101" count="5" type="stmt"/>
      <line num="103" count="7" type="stmt"/>
      <line num="104" count="7" type="stmt"/>
      <line num="107" count="10" type="stmt"/>
      <line num="112" count="16" type="stmt"/>
      <line num="113" count="16" type="stmt"/>
      <line num="117" count="15" type="cond" truecount="2" falsecount="0"/>
      <line num="118" count="2" type="stmt"/>
      <line num="121" count="13" type="stmt"/>
      <line num="122" count="13" type="stmt"/>
      <line num="125" count="7" type="stmt"/>
      <line num="128" count="1" type="stmt"/>
    </file>
  </project>
</coverage>
