<?xml version="1.0" encoding="UTF-8"?>
<coverage generated="1696571528829" clover="3.2.0">
  <project timestamp="1696571528830" name="All files">
    <metrics statements="105" coveredstatements="99" conditionals="52" coveredconditionals="46" methods="43" coveredmethods="43" elements="200" coveredelements="188" complexity="0" loc="105" ncloc="105" packages="1" files="1" classes="1"/>
    <file name="index.ts" path="/Users/telephant/self/retry/src/index.ts">
      <metrics statements="105" coveredstatements="99" conditionals="52" coveredconditionals="46" methods="43" coveredmethods="43"/>
      <line num="2" count="1" type="cond" truecount="3" falsecount="0"/>
      <line num="3" count="135" type="cond" truecount="2" falsecount="0"/>
      <line num="4" count="135" type="cond" truecount="2" falsecount="0"/>
      <line num="5" count="121" type="stmt"/>
      <line num="6" count="14" type="stmt"/>
      <line num="7" count="269" type="cond" truecount="2" falsecount="0"/>
      <line num="8" count="135" type="cond" truecount="2" falsecount="0"/>
      <line num="11" count="1" type="stmt"/>
      <line num="13" count="1" type="stmt"/>
      <line num="14" count="1" type="stmt"/>
      <line num="15" count="1" type="stmt"/>
      <line num="28" count="13" type="stmt"/>
      <line num="29" count="13" type="stmt"/>
      <line num="30" count="13" type="stmt"/>
      <line num="31" count="13" type="stmt"/>
      <line num="32" count="13" type="stmt"/>
      <line num="33" count="13" type="stmt"/>
      <line num="34" count="13" type="stmt"/>
      <line num="35" count="13" type="stmt"/>
      <line num="36" count="13" type="stmt"/>
      <line num="39" count="12" type="cond" truecount="1" falsecount="1"/>
      <line num="40" count="0" type="stmt"/>
      <line num="42" count="12" type="stmt"/>
      <line num="43" count="12" type="stmt"/>
      <line num="46" count="12" type="stmt"/>
      <line num="47" count="12" type="stmt"/>
      <line num="50" count="12" type="stmt"/>
      <line num="51" count="12" type="stmt"/>
      <line num="54" count="9" type="stmt"/>
      <line num="55" count="9" type="stmt"/>
      <line num="56" count="9" type="stmt"/>
      <line num="59" count="3" type="stmt"/>
      <line num="60" count="3" type="stmt"/>
      <line num="61" count="3" type="stmt"/>
      <line num="64" count="3" type="stmt"/>
      <line num="65" count="3" type="stmt"/>
      <line num="68" count="19" type="stmt"/>
      <line num="69" count="19" type="stmt"/>
      <line num="73" count="13" type="stmt"/>
      <line num="74" count="13" type="cond" truecount="2" falsecount="0"/>
      <line num="75" count="1" type="stmt"/>
      <line num="77" count="12" type="stmt"/>
      <line num="78" count="12" type="cond" truecount="2" falsecount="1"/>
      <line num="80" count="9" type="stmt"/>
      <line num="82" count="3" type="stmt"/>
      <line num="83" count="3" type="stmt"/>
      <line num="85" count="0" type="stmt"/>
      <line num="91" count="22" type="stmt"/>
      <line num="92" count="22" type="cond" truecount="1" falsecount="1"/>
      <line num="93" count="0" type="stmt"/>
      <line num="94" count="0" type="stmt"/>
      <line num="96" count="22" type="stmt"/>
      <line num="97" count="22" type="stmt"/>
      <line num="98" count="15" type="cond" truecount="2" falsecount="0"/>
      <line num="99" count="15" type="cond" truecount="2" falsecount="0"/>
      <line num="100" count="13" type="stmt"/>
      <line num="101" count="13" type="stmt"/>
      <line num="104" count="2" type="stmt"/>
      <line num="105" count="2" type="cond" truecount="4" falsecount="0"/>
      <line num="106" count="2" type="stmt"/>
      <line num="109" count="22" type="stmt"/>
      <line num="110" count="22" type="stmt"/>
      <line num="111" count="7" type="stmt"/>
      <line num="112" count="7" type="cond" truecount="2" falsecount="0"/>
      <line num="113" count="7" type="stmt"/>
      <line num="114" count="7" type="stmt"/>
      <line num="116" count="15" type="stmt"/>
      <line num="117" count="15" type="stmt"/>
      <line num="123" count="6" type="stmt"/>
      <line num="124" count="6" type="cond" truecount="1" falsecount="1"/>
      <line num="125" count="0" type="stmt"/>
      <line num="126" count="0" type="stmt"/>
      <line num="128" count="6" type="stmt"/>
      <line num="129" count="4" type="cond" truecount="2" falsecount="0"/>
      <line num="130" count="3" type="stmt"/>
      <line num="131" count="3" type="stmt"/>
      <line num="134" count="1" type="stmt"/>
      <line num="135" count="1" type="cond" truecount="3" falsecount="1"/>
      <line num="136" count="1" type="stmt"/>
      <line num="139" count="6" type="stmt"/>
      <line num="140" count="2" type="stmt"/>
      <line num="141" count="2" type="stmt"/>
      <line num="142" count="2" type="stmt"/>
      <line num="144" count="4" type="stmt"/>
      <line num="145" count="4" type="stmt"/>
      <line num="152" count="28" type="stmt"/>
      <line num="153" count="28" type="stmt"/>
      <line num="155" count="28" type="stmt"/>
      <line num="156" count="28" type="cond" truecount="3" falsecount="1"/>
      <line num="157" count="14" type="cond" truecount="4" falsecount="0"/>
      <line num="158" count="5" type="stmt"/>
      <line num="159" count="5" type="stmt"/>
      <line num="161" count="9" type="stmt"/>
      <line num="164" count="14" type="stmt"/>
      <line num="169" count="15" type="cond" truecount="2" falsecount="0"/>
      <line num="170" count="2" type="stmt"/>
      <line num="173" count="13" type="stmt"/>
      <line num="174" count="13" type="stmt"/>
      <line num="177" count="4" type="stmt"/>
      <line num="178" count="4" type="cond" truecount="2" falsecount="0"/>
      <line num="179" count="1" type="stmt"/>
      <line num="181" count="3" type="stmt"/>
      <line num="184" count="9" type="stmt"/>
      <line num="187" count="3" type="stmt"/>
      <line num="190" count="1" type="stmt"/>
    </file>
  </project>
</coverage>
