{"/Users/telephant/self/retryit/src/index.ts": {"path":"/Users/telephant/self/retryit/src/index.ts","statementMap":{"0":{"start":{"line":2,"column":16},"end":{"line":10,"column":1}},"1":{"start":{"line":3,"column":28},"end":{"line":3,"column":110}},"2":{"start":{"line":3,"column":91},"end":{"line":3,"column":106}},"3":{"start":{"line":4,"column":4},"end":{"line":9,"column":7}},"4":{"start":{"line":5,"column":36},"end":{"line":5,"column":97}},"5":{"start":{"line":5,"column":42},"end":{"line":5,"column":70}},"6":{"start":{"line":5,"column":85},"end":{"line":5,"column":95}},"7":{"start":{"line":6,"column":35},"end":{"line":6,"column":100}},"8":{"start":{"line":6,"column":41},"end":{"line":6,"column":73}},"9":{"start":{"line":6,"column":88},"end":{"line":6,"column":98}},"10":{"start":{"line":7,"column":32},"end":{"line":7,"column":116}},"11":{"start":{"line":8,"column":8},"end":{"line":8,"column":78}},"12":{"start":{"line":11,"column":0},"end":{"line":11,"column":62}},"13":{"start":{"line":13,"column":0},"end":{"line":16,"column":34}},"14":{"start":{"line":14,"column":4},"end":{"line":14,"column":48}},"15":{"start":{"line":26,"column":8},"end":{"line":26,"column":30}},"16":{"start":{"line":27,"column":8},"end":{"line":27,"column":30}},"17":{"start":{"line":28,"column":8},"end":{"line":28,"column":29}},"18":{"start":{"line":29,"column":8},"end":{"line":29,"column":29}},"19":{"start":{"line":30,"column":8},"end":{"line":30,"column":42}},"20":{"start":{"line":31,"column":8},"end":{"line":31,"column":32}},"21":{"start":{"line":32,"column":8},"end":{"line":32,"column":33}},"22":{"start":{"line":35,"column":8},"end":{"line":37,"column":9}},"23":{"start":{"line":36,"column":12},"end":{"line":36,"column":69}},"24":{"start":{"line":38,"column":8},"end":{"line":38,"column":34}},"25":{"start":{"line":39,"column":8},"end":{"line":39,"column":20}},"26":{"start":{"line":42,"column":8},"end":{"line":42,"column":28}},"27":{"start":{"line":43,"column":8},"end":{"line":43,"column":20}},"28":{"start":{"line":46,"column":8},"end":{"line":46,"column":27}},"29":{"start":{"line":47,"column":8},"end":{"line":47,"column":20}},"30":{"start":{"line":50,"column":8},"end":{"line":50,"column":42}},"31":{"start":{"line":51,"column":8},"end":{"line":51,"column":33}},"32":{"start":{"line":52,"column":8},"end":{"line":52,"column":20}},"33":{"start":{"line":60,"column":8},"end":{"line":60,"column":37}},"34":{"start":{"line":61,"column":8},"end":{"line":61,"column":20}},"35":{"start":{"line":64,"column":8},"end":{"line":73,"column":11}},"36":{"start":{"line":65,"column":12},"end":{"line":67,"column":13}},"37":{"start":{"line":66,"column":16},"end":{"line":66,"column":75}},"38":{"start":{"line":68,"column":12},"end":{"line":72,"column":15}},"39":{"start":{"line":69,"column":16},"end":{"line":71,"column":17}},"40":{"start":{"line":70,"column":20},"end":{"line":70,"column":60}},"41":{"start":{"line":77,"column":8},"end":{"line":109,"column":11}},"42":{"start":{"line":78,"column":12},"end":{"line":81,"column":13}},"43":{"start":{"line":79,"column":16},"end":{"line":79,"column":66}},"44":{"start":{"line":80,"column":16},"end":{"line":80,"column":23}},"45":{"start":{"line":82,"column":31},"end":{"line":82,"column":35}},"46":{"start":{"line":83,"column":34},"end":{"line":93,"column":14}},"47":{"start":{"line":83,"column":52},"end":{"line":93,"column":14}},"48":{"start":{"line":84,"column":16},"end":{"line":84,"column":59}},"49":{"start":{"line":85,"column":16},"end":{"line":92,"column":17}},"50":{"start":{"line":86,"column":20},"end":{"line":86,"column":52}},"51":{"start":{"line":87,"column":20},"end":{"line":87,"column":59}},"52":{"start":{"line":90,"column":20},"end":{"line":90,"column":141}},"53":{"start":{"line":91,"column":20},"end":{"line":91,"column":27}},"54":{"start":{"line":94,"column":12},"end":{"line":94,"column":68}},"55":{"start":{"line":96,"column":12},"end":{"line":108,"column":13}},"56":{"start":{"line":97,"column":16},"end":{"line":97,"column":103}},"57":{"start":{"line":98,"column":16},"end":{"line":98,"column":43}},"58":{"start":{"line":99,"column":16},"end":{"line":102,"column":17}},"59":{"start":{"line":100,"column":20},"end":{"line":100,"column":42}},"60":{"start":{"line":101,"column":20},"end":{"line":101,"column":27}},"61":{"start":{"line":103,"column":16},"end":{"line":103,"column":30}},"62":{"start":{"line":104,"column":16},"end":{"line":104,"column":29}},"63":{"start":{"line":107,"column":16},"end":{"line":107,"column":41}},"64":{"start":{"line":112,"column":8},"end":{"line":114,"column":11}},"65":{"start":{"line":113,"column":12},"end":{"line":113,"column":73}},"66":{"start":{"line":113,"column":42},"end":{"line":113,"column":71}},"67":{"start":{"line":117,"column":8},"end":{"line":119,"column":9}},"68":{"start":{"line":118,"column":12},"end":{"line":118,"column":25}},"69":{"start":{"line":121,"column":8},"end":{"line":121,"column":30}},"70":{"start":{"line":122,"column":8},"end":{"line":122,"column":20}},"71":{"start":{"line":125,"column":8},"end":{"line":125,"column":32}},"72":{"start":{"line":128,"column":0},"end":{"line":128,"column":26}}},"fnMap":{"0":{"name":"(anonymous_0)","decl":{"start":{"line":2,"column":44},"end":{"line":2,"column":45}},"loc":{"start":{"line":2,"column":89},"end":{"line":10,"column":1}},"line":2},"1":{"name":"adopt","decl":{"start":{"line":3,"column":13},"end":{"line":3,"column":18}},"loc":{"start":{"line":3,"column":26},"end":{"line":3,"column":112}},"line":3},"2":{"name":"(anonymous_2)","decl":{"start":{"line":3,"column":70},"end":{"line":3,"column":71}},"loc":{"start":{"line":3,"column":89},"end":{"line":3,"column":108}},"line":3},"3":{"name":"(anonymous_3)","decl":{"start":{"line":4,"column":36},"end":{"line":4,"column":37}},"loc":{"start":{"line":4,"column":63},"end":{"line":9,"column":5}},"line":4},"4":{"name":"fulfilled","decl":{"start":{"line":5,"column":17},"end":{"line":5,"column":26}},"loc":{"start":{"line":5,"column":34},"end":{"line":5,"column":99}},"line":5},"5":{"name":"rejected","decl":{"start":{"line":6,"column":17},"end":{"line":6,"column":25}},"loc":{"start":{"line":6,"column":33},"end":{"line":6,"column":102}},"line":6},"6":{"name":"step","decl":{"start":{"line":7,"column":17},"end":{"line":7,"column":21}},"loc":{"start":{"line":7,"column":30},"end":{"line":7,"column":118}},"line":7},"7":{"name":"(anonymous_7)","decl":{"start":{"line":13,"column":1},"end":{"line":13,"column":2}},"loc":{"start":{"line":13,"column":22},"end":{"line":16,"column":1}},"line":13},"8":{"name":"(anonymous_8)","decl":{"start":{"line":18,"column":4},"end":{"line":18,"column":5}},"loc":{"start":{"line":18,"column":18},"end":{"line":33,"column":5}},"line":18},"9":{"name":"(anonymous_9)","decl":{"start":{"line":34,"column":4},"end":{"line":34,"column":5}},"loc":{"start":{"line":34,"column":19},"end":{"line":40,"column":5}},"line":34},"10":{"name":"(anonymous_10)","decl":{"start":{"line":41,"column":4},"end":{"line":41,"column":5}},"loc":{"start":{"line":41,"column":17},"end":{"line":44,"column":5}},"line":41},"11":{"name":"(anonymous_11)","decl":{"start":{"line":45,"column":4},"end":{"line":45,"column":5}},"loc":{"start":{"line":45,"column":16},"end":{"line":48,"column":5}},"line":45},"12":{"name":"(anonymous_12)","decl":{"start":{"line":49,"column":4},"end":{"line":49,"column":5}},"loc":{"start":{"line":49,"column":22},"end":{"line":53,"column":5}},"line":49},"13":{"name":"(anonymous_13)","decl":{"start":{"line":59,"column":4},"end":{"line":59,"column":5}},"loc":{"start":{"line":59,"column":24},"end":{"line":62,"column":5}},"line":59},"14":{"name":"(anonymous_14)","decl":{"start":{"line":63,"column":4},"end":{"line":63,"column":5}},"loc":{"start":{"line":63,"column":12},"end":{"line":74,"column":5}},"line":63},"15":{"name":"(anonymous_15)","decl":{"start":{"line":64,"column":47},"end":{"line":64,"column":48}},"loc":{"start":{"line":64,"column":60},"end":{"line":73,"column":9}},"line":64},"16":{"name":"(anonymous_16)","decl":{"start":{"line":68,"column":31},"end":{"line":68,"column":32}},"loc":{"start":{"line":68,"column":52},"end":{"line":72,"column":13}},"line":68},"17":{"name":"(anonymous_17)","decl":{"start":{"line":75,"column":4},"end":{"line":75,"column":5}},"loc":{"start":{"line":75,"column":32},"end":{"line":110,"column":5}},"line":75},"18":{"name":"(anonymous_18)","decl":{"start":{"line":77,"column":47},"end":{"line":77,"column":48}},"loc":{"start":{"line":77,"column":60},"end":{"line":109,"column":9}},"line":77},"19":{"name":"(anonymous_19)","decl":{"start":{"line":83,"column":34},"end":{"line":83,"column":35}},"loc":{"start":{"line":83,"column":52},"end":{"line":93,"column":14}},"line":83},"20":{"name":"(anonymous_20)","decl":{"start":{"line":83,"column":84},"end":{"line":83,"column":85}},"loc":{"start":{"line":83,"column":97},"end":{"line":93,"column":13}},"line":83},"21":{"name":"(anonymous_21)","decl":{"start":{"line":111,"column":4},"end":{"line":111,"column":5}},"loc":{"start":{"line":111,"column":19},"end":{"line":115,"column":5}},"line":111},"22":{"name":"(anonymous_22)","decl":{"start":{"line":112,"column":47},"end":{"line":112,"column":48}},"loc":{"start":{"line":112,"column":60},"end":{"line":114,"column":9}},"line":112},"23":{"name":"(anonymous_23)","decl":{"start":{"line":113,"column":31},"end":{"line":113,"column":32}},"loc":{"start":{"line":113,"column":42},"end":{"line":113,"column":71}},"line":113},"24":{"name":"(anonymous_24)","decl":{"start":{"line":116,"column":4},"end":{"line":116,"column":5}},"loc":{"start":{"line":116,"column":21},"end":{"line":123,"column":5}},"line":116},"25":{"name":"(anonymous_25)","decl":{"start":{"line":124,"column":4},"end":{"line":124,"column":5}},"loc":{"start":{"line":124,"column":13},"end":{"line":126,"column":5}},"line":124}},"branchMap":{"0":{"loc":{"start":{"line":2,"column":16},"end":{"line":10,"column":1}},"type":"binary-expr","locations":[{"start":{"line":2,"column":17},"end":{"line":2,"column":21}},{"start":{"line":2,"column":25},"end":{"line":2,"column":39}},{"start":{"line":2,"column":44},"end":{"line":10,"column":1}}],"line":2},"1":{"loc":{"start":{"line":3,"column":35},"end":{"line":3,"column":109}},"type":"cond-expr","locations":[{"start":{"line":3,"column":56},"end":{"line":3,"column":61}},{"start":{"line":3,"column":64},"end":{"line":3,"column":109}}],"line":3},"2":{"loc":{"start":{"line":4,"column":16},"end":{"line":4,"column":34}},"type":"binary-expr","locations":[{"start":{"line":4,"column":16},"end":{"line":4,"column":17}},{"start":{"line":4,"column":22},"end":{"line":4,"column":33}}],"line":4},"3":{"loc":{"start":{"line":7,"column":32},"end":{"line":7,"column":115}},"type":"cond-expr","locations":[{"start":{"line":7,"column":46},"end":{"line":7,"column":67}},{"start":{"line":7,"column":70},"end":{"line":7,"column":115}}],"line":7},"4":{"loc":{"start":{"line":8,"column":51},"end":{"line":8,"column":67}},"type":"binary-expr","locations":[{"start":{"line":8,"column":51},"end":{"line":8,"column":61}},{"start":{"line":8,"column":65},"end":{"line":8,"column":67}}],"line":8},"5":{"loc":{"start":{"line":16,"column":3},"end":{"line":16,"column":32}},"type":"binary-expr","locations":[{"start":{"line":16,"column":3},"end":{"line":16,"column":12}},{"start":{"line":16,"column":17},"end":{"line":16,"column":31}}],"line":16},"6":{"loc":{"start":{"line":35,"column":8},"end":{"line":37,"column":9}},"type":"if","locations":[{"start":{"line":35,"column":8},"end":{"line":37,"column":9}},{"start":{},"end":{}}],"line":35},"7":{"loc":{"start":{"line":65,"column":12},"end":{"line":67,"column":13}},"type":"if","locations":[{"start":{"line":65,"column":12},"end":{"line":67,"column":13}},{"start":{},"end":{}}],"line":65},"8":{"loc":{"start":{"line":69,"column":16},"end":{"line":71,"column":17}},"type":"if","locations":[{"start":{"line":69,"column":16},"end":{"line":71,"column":17}},{"start":{},"end":{}}],"line":69},"9":{"loc":{"start":{"line":78,"column":12},"end":{"line":81,"column":13}},"type":"if","locations":[{"start":{"line":78,"column":12},"end":{"line":81,"column":13}},{"start":{},"end":{}}],"line":78},"10":{"loc":{"start":{"line":84,"column":16},"end":{"line":84,"column":58}},"type":"binary-expr","locations":[{"start":{"line":84,"column":16},"end":{"line":84,"column":28}},{"start":{"line":84,"column":32},"end":{"line":84,"column":58}}],"line":84},"11":{"loc":{"start":{"line":85,"column":16},"end":{"line":92,"column":17}},"type":"if","locations":[{"start":{"line":85,"column":16},"end":{"line":92,"column":17}},{"start":{"line":89,"column":21},"end":{"line":92,"column":17}}],"line":85},"12":{"loc":{"start":{"line":90,"column":27},"end":{"line":90,"column":139}},"type":"cond-expr","locations":[{"start":{"line":90,"column":78},"end":{"line":90,"column":90}},{"start":{"line":90,"column":93},"end":{"line":90,"column":139}}],"line":90},"13":{"loc":{"start":{"line":90,"column":27},"end":{"line":90,"column":75}},"type":"binary-expr","locations":[{"start":{"line":90,"column":27},"end":{"line":90,"column":48}},{"start":{"line":90,"column":52},"end":{"line":90,"column":75}}],"line":90},"14":{"loc":{"start":{"line":97,"column":29},"end":{"line":97,"column":101}},"type":"cond-expr","locations":[{"start":{"line":97,"column":79},"end":{"line":97,"column":85}},{"start":{"line":97,"column":88},"end":{"line":97,"column":101}}],"line":97},"15":{"loc":{"start":{"line":97,"column":29},"end":{"line":97,"column":76}},"type":"binary-expr","locations":[{"start":{"line":97,"column":29},"end":{"line":97,"column":59}},{"start":{"line":97,"column":63},"end":{"line":97,"column":76}}],"line":97},"16":{"loc":{"start":{"line":99,"column":16},"end":{"line":102,"column":17}},"type":"if","locations":[{"start":{"line":99,"column":16},"end":{"line":102,"column":17}},{"start":{},"end":{}}],"line":99},"17":{"loc":{"start":{"line":99,"column":20},"end":{"line":99,"column":64}},"type":"binary-expr","locations":[{"start":{"line":99,"column":20},"end":{"line":99,"column":37}},{"start":{"line":99,"column":41},"end":{"line":99,"column":64}}],"line":99},"18":{"loc":{"start":{"line":117,"column":8},"end":{"line":119,"column":9}},"type":"if","locations":[{"start":{"line":117,"column":8},"end":{"line":119,"column":9}},{"start":{},"end":{}}],"line":117}},"s":{"0":1,"1":63,"2":7,"3":63,"4":53,"5":53,"6":0,"7":10,"8":10,"9":0,"10":125,"11":63,"12":1,"13":1,"14":1,"15":10,"16":10,"17":10,"18":10,"19":10,"20":10,"21":10,"22":9,"23":0,"24":9,"25":9,"26":9,"27":9,"28":9,"29":9,"30":9,"31":9,"32":9,"33":3,"34":3,"35":10,"36":10,"37":1,"38":9,"39":9,"40":9,"41":22,"42":22,"43":0,"44":0,"45":22,"46":22,"47":15,"48":15,"49":15,"50":13,"51":13,"52":2,"53":2,"54":22,"55":22,"56":22,"57":12,"58":12,"59":5,"60":5,"61":7,"62":7,"63":10,"64":16,"65":16,"66":16,"67":15,"68":2,"69":13,"70":13,"71":7,"72":1},"f":{"0":63,"1":63,"2":7,"3":63,"4":53,"5":10,"6":125,"7":1,"8":10,"9":9,"10":9,"11":9,"12":9,"13":3,"14":10,"15":10,"16":9,"17":22,"18":22,"19":15,"20":15,"21":16,"22":16,"23":16,"24":15,"25":7},"b":{"0":[1,1,1],"1":[56,7],"2":[63,63],"3":[62,63],"4":[63,63],"5":[1,1],"6":[0,9],"7":[1,9],"8":[9,0],"9":[0,22],"10":[15,15],"11":[13,2],"12":[1,1],"13":[2,2],"14":[0,22],"15":[22,22],"16":[5,7],"17":[12,7],"18":[2,13]},"_coverageSchema":"1a1c01bbd47fc00a2c39e90264f33305004495a9","hash":"aad293e9958df044c65dfecd3709c8fd57451b1a"}
}
