{"/Users/telephant/self/retry/src/index.ts": {"path":"/Users/telephant/self/retry/src/index.ts","statementMap":{"0":{"start":{"line":2,"column":16},"end":{"line":10,"column":1}},"1":{"start":{"line":3,"column":28},"end":{"line":3,"column":110}},"2":{"start":{"line":3,"column":91},"end":{"line":3,"column":106}},"3":{"start":{"line":4,"column":4},"end":{"line":9,"column":7}},"4":{"start":{"line":5,"column":36},"end":{"line":5,"column":97}},"5":{"start":{"line":5,"column":42},"end":{"line":5,"column":70}},"6":{"start":{"line":5,"column":85},"end":{"line":5,"column":95}},"7":{"start":{"line":6,"column":35},"end":{"line":6,"column":100}},"8":{"start":{"line":6,"column":41},"end":{"line":6,"column":73}},"9":{"start":{"line":6,"column":88},"end":{"line":6,"column":98}},"10":{"start":{"line":7,"column":32},"end":{"line":7,"column":116}},"11":{"start":{"line":8,"column":8},"end":{"line":8,"column":78}},"12":{"start":{"line":11,"column":0},"end":{"line":11,"column":62}},"13":{"start":{"line":13,"column":0},"end":{"line":16,"column":34}},"14":{"start":{"line":14,"column":4},"end":{"line":14,"column":48}},"15":{"start":{"line":15,"column":4},"end":{"line":15,"column":54}},"16":{"start":{"line":28,"column":8},"end":{"line":28,"column":30}},"17":{"start":{"line":29,"column":8},"end":{"line":29,"column":30}},"18":{"start":{"line":30,"column":8},"end":{"line":30,"column":29}},"19":{"start":{"line":31,"column":8},"end":{"line":31,"column":29}},"20":{"start":{"line":32,"column":8},"end":{"line":32,"column":35}},"21":{"start":{"line":33,"column":8},"end":{"line":33,"column":42}},"22":{"start":{"line":34,"column":8},"end":{"line":34,"column":32}},"23":{"start":{"line":35,"column":8},"end":{"line":35,"column":33}},"24":{"start":{"line":36,"column":8},"end":{"line":36,"column":36}},"25":{"start":{"line":39,"column":8},"end":{"line":41,"column":9}},"26":{"start":{"line":40,"column":12},"end":{"line":40,"column":69}},"27":{"start":{"line":42,"column":8},"end":{"line":42,"column":34}},"28":{"start":{"line":43,"column":8},"end":{"line":43,"column":20}},"29":{"start":{"line":46,"column":8},"end":{"line":46,"column":28}},"30":{"start":{"line":47,"column":8},"end":{"line":47,"column":20}},"31":{"start":{"line":50,"column":8},"end":{"line":50,"column":27}},"32":{"start":{"line":51,"column":8},"end":{"line":51,"column":20}},"33":{"start":{"line":54,"column":8},"end":{"line":54,"column":42}},"34":{"start":{"line":55,"column":8},"end":{"line":55,"column":33}},"35":{"start":{"line":56,"column":8},"end":{"line":56,"column":20}},"36":{"start":{"line":59,"column":8},"end":{"line":59,"column":45}},"37":{"start":{"line":60,"column":8},"end":{"line":60,"column":39}},"38":{"start":{"line":61,"column":8},"end":{"line":61,"column":20}},"39":{"start":{"line":64,"column":8},"end":{"line":64,"column":37}},"40":{"start":{"line":65,"column":8},"end":{"line":65,"column":20}},"41":{"start":{"line":68,"column":8},"end":{"line":70,"column":11}},"42":{"start":{"line":69,"column":12},"end":{"line":69,"column":73}},"43":{"start":{"line":69,"column":42},"end":{"line":69,"column":71}},"44":{"start":{"line":73,"column":8},"end":{"line":88,"column":11}},"45":{"start":{"line":74,"column":12},"end":{"line":76,"column":13}},"46":{"start":{"line":75,"column":16},"end":{"line":75,"column":75}},"47":{"start":{"line":77,"column":12},"end":{"line":87,"column":15}},"48":{"start":{"line":78,"column":16},"end":{"line":86,"column":17}},"49":{"start":{"line":80,"column":24},"end":{"line":80,"column":65}},"50":{"start":{"line":82,"column":24},"end":{"line":82,"column":61}},"51":{"start":{"line":83,"column":24},"end":{"line":83,"column":68}},"52":{"start":{"line":85,"column":24},"end":{"line":85,"column":51}},"53":{"start":{"line":91,"column":8},"end":{"line":120,"column":11}},"54":{"start":{"line":92,"column":12},"end":{"line":95,"column":13}},"55":{"start":{"line":93,"column":16},"end":{"line":93,"column":66}},"56":{"start":{"line":94,"column":16},"end":{"line":94,"column":23}},"57":{"start":{"line":96,"column":31},"end":{"line":96,"column":35}},"58":{"start":{"line":97,"column":34},"end":{"line":108,"column":14}},"59":{"start":{"line":97,"column":52},"end":{"line":108,"column":14}},"60":{"start":{"line":98,"column":16},"end":{"line":98,"column":59}},"61":{"start":{"line":99,"column":16},"end":{"line":107,"column":17}},"62":{"start":{"line":100,"column":20},"end":{"line":100,"column":52}},"63":{"start":{"line":101,"column":20},"end":{"line":101,"column":60}},"64":{"start":{"line":104,"column":20},"end":{"line":104,"column":39}},"65":{"start":{"line":105,"column":20},"end":{"line":105,"column":141}},"66":{"start":{"line":106,"column":20},"end":{"line":106,"column":27}},"67":{"start":{"line":109,"column":12},"end":{"line":109,"column":68}},"68":{"start":{"line":110,"column":12},"end":{"line":119,"column":15}},"69":{"start":{"line":111,"column":34},"end":{"line":115,"column":18}},"70":{"start":{"line":112,"column":20},"end":{"line":112,"column":63}},"71":{"start":{"line":113,"column":20},"end":{"line":113,"column":39}},"72":{"start":{"line":114,"column":20},"end":{"line":114,"column":33}},"73":{"start":{"line":116,"column":34},"end":{"line":118,"column":18}},"74":{"start":{"line":117,"column":20},"end":{"line":117,"column":48}},"75":{"start":{"line":123,"column":8},"end":{"line":148,"column":11}},"76":{"start":{"line":124,"column":12},"end":{"line":127,"column":13}},"77":{"start":{"line":125,"column":16},"end":{"line":125,"column":66}},"78":{"start":{"line":126,"column":16},"end":{"line":126,"column":23}},"79":{"start":{"line":128,"column":34},"end":{"line":138,"column":14}},"80":{"start":{"line":128,"column":52},"end":{"line":138,"column":14}},"81":{"start":{"line":129,"column":16},"end":{"line":137,"column":17}},"82":{"start":{"line":130,"column":20},"end":{"line":130,"column":52}},"83":{"start":{"line":131,"column":20},"end":{"line":131,"column":63}},"84":{"start":{"line":134,"column":20},"end":{"line":134,"column":42}},"85":{"start":{"line":135,"column":20},"end":{"line":135,"column":142}},"86":{"start":{"line":136,"column":20},"end":{"line":136,"column":27}},"87":{"start":{"line":139,"column":12},"end":{"line":147,"column":15}},"88":{"start":{"line":140,"column":34},"end":{"line":143,"column":18}},"89":{"start":{"line":141,"column":20},"end":{"line":141,"column":42}},"90":{"start":{"line":142,"column":20},"end":{"line":142,"column":33}},"91":{"start":{"line":144,"column":34},"end":{"line":146,"column":18}},"92":{"start":{"line":145,"column":20},"end":{"line":145,"column":48}},"93":{"start":{"line":152,"column":8},"end":{"line":166,"column":11}},"94":{"start":{"line":153,"column":38},"end":{"line":153,"column":42}},"95":{"start":{"line":155,"column":12},"end":{"line":165,"column":13}},"96":{"start":{"line":156,"column":16},"end":{"line":156,"column":103}},"97":{"start":{"line":157,"column":16},"end":{"line":160,"column":17}},"98":{"start":{"line":158,"column":20},"end":{"line":158,"column":33}},"99":{"start":{"line":159,"column":20},"end":{"line":159,"column":27}},"100":{"start":{"line":161,"column":16},"end":{"line":161,"column":35}},"101":{"start":{"line":164,"column":16},"end":{"line":164,"column":32}},"102":{"start":{"line":169,"column":8},"end":{"line":171,"column":9}},"103":{"start":{"line":170,"column":12},"end":{"line":170,"column":25}},"104":{"start":{"line":173,"column":8},"end":{"line":173,"column":30}},"105":{"start":{"line":174,"column":8},"end":{"line":174,"column":20}},"106":{"start":{"line":177,"column":20},"end":{"line":177,"column":30}},"107":{"start":{"line":178,"column":8},"end":{"line":180,"column":9}},"108":{"start":{"line":179,"column":12},"end":{"line":179,"column":25}},"109":{"start":{"line":181,"column":8},"end":{"line":181,"column":20}},"110":{"start":{"line":184,"column":8},"end":{"line":184,"column":32}},"111":{"start":{"line":187,"column":8},"end":{"line":187,"column":36}},"112":{"start":{"line":190,"column":0},"end":{"line":190,"column":28}}},"fnMap":{"0":{"name":"(anonymous_0)","decl":{"start":{"line":2,"column":44},"end":{"line":2,"column":45}},"loc":{"start":{"line":2,"column":89},"end":{"line":10,"column":1}},"line":2},"1":{"name":"adopt","decl":{"start":{"line":3,"column":13},"end":{"line":3,"column":18}},"loc":{"start":{"line":3,"column":26},"end":{"line":3,"column":112}},"line":3},"2":{"name":"(anonymous_2)","decl":{"start":{"line":3,"column":70},"end":{"line":3,"column":71}},"loc":{"start":{"line":3,"column":89},"end":{"line":3,"column":108}},"line":3},"3":{"name":"(anonymous_3)","decl":{"start":{"line":4,"column":36},"end":{"line":4,"column":37}},"loc":{"start":{"line":4,"column":63},"end":{"line":9,"column":5}},"line":4},"4":{"name":"fulfilled","decl":{"start":{"line":5,"column":17},"end":{"line":5,"column":26}},"loc":{"start":{"line":5,"column":34},"end":{"line":5,"column":99}},"line":5},"5":{"name":"rejected","decl":{"start":{"line":6,"column":17},"end":{"line":6,"column":25}},"loc":{"start":{"line":6,"column":33},"end":{"line":6,"column":102}},"line":6},"6":{"name":"step","decl":{"start":{"line":7,"column":17},"end":{"line":7,"column":21}},"loc":{"start":{"line":7,"column":30},"end":{"line":7,"column":118}},"line":7},"7":{"name":"(anonymous_7)","decl":{"start":{"line":13,"column":1},"end":{"line":13,"column":2}},"loc":{"start":{"line":13,"column":22},"end":{"line":16,"column":1}},"line":13},"8":{"name":"(anonymous_8)","decl":{"start":{"line":18,"column":4},"end":{"line":18,"column":5}},"loc":{"start":{"line":18,"column":18},"end":{"line":37,"column":5}},"line":18},"9":{"name":"(anonymous_9)","decl":{"start":{"line":38,"column":4},"end":{"line":38,"column":5}},"loc":{"start":{"line":38,"column":19},"end":{"line":44,"column":5}},"line":38},"10":{"name":"(anonymous_10)","decl":{"start":{"line":45,"column":4},"end":{"line":45,"column":5}},"loc":{"start":{"line":45,"column":17},"end":{"line":48,"column":5}},"line":45},"11":{"name":"(anonymous_11)","decl":{"start":{"line":49,"column":4},"end":{"line":49,"column":5}},"loc":{"start":{"line":49,"column":16},"end":{"line":52,"column":5}},"line":49},"12":{"name":"(anonymous_12)","decl":{"start":{"line":53,"column":4},"end":{"line":53,"column":5}},"loc":{"start":{"line":53,"column":22},"end":{"line":57,"column":5}},"line":53},"13":{"name":"(anonymous_13)","decl":{"start":{"line":58,"column":4},"end":{"line":58,"column":5}},"loc":{"start":{"line":58,"column":28},"end":{"line":62,"column":5}},"line":58},"14":{"name":"(anonymous_14)","decl":{"start":{"line":63,"column":4},"end":{"line":63,"column":5}},"loc":{"start":{"line":63,"column":24},"end":{"line":66,"column":5}},"line":63},"15":{"name":"(anonymous_15)","decl":{"start":{"line":67,"column":4},"end":{"line":67,"column":5}},"loc":{"start":{"line":67,"column":19},"end":{"line":71,"column":5}},"line":67},"16":{"name":"(anonymous_16)","decl":{"start":{"line":68,"column":47},"end":{"line":68,"column":48}},"loc":{"start":{"line":68,"column":60},"end":{"line":70,"column":9}},"line":68},"17":{"name":"(anonymous_17)","decl":{"start":{"line":69,"column":31},"end":{"line":69,"column":32}},"loc":{"start":{"line":69,"column":42},"end":{"line":69,"column":71}},"line":69},"18":{"name":"(anonymous_18)","decl":{"start":{"line":72,"column":4},"end":{"line":72,"column":5}},"loc":{"start":{"line":72,"column":12},"end":{"line":89,"column":5}},"line":72},"19":{"name":"(anonymous_19)","decl":{"start":{"line":73,"column":47},"end":{"line":73,"column":48}},"loc":{"start":{"line":73,"column":60},"end":{"line":88,"column":9}},"line":73},"20":{"name":"(anonymous_20)","decl":{"start":{"line":77,"column":31},"end":{"line":77,"column":32}},"loc":{"start":{"line":77,"column":52},"end":{"line":87,"column":13}},"line":77},"21":{"name":"(anonymous_21)","decl":{"start":{"line":90,"column":4},"end":{"line":90,"column":5}},"loc":{"start":{"line":90,"column":33},"end":{"line":121,"column":5}},"line":90},"22":{"name":"(anonymous_22)","decl":{"start":{"line":91,"column":47},"end":{"line":91,"column":48}},"loc":{"start":{"line":91,"column":60},"end":{"line":120,"column":9}},"line":91},"23":{"name":"(anonymous_23)","decl":{"start":{"line":97,"column":34},"end":{"line":97,"column":35}},"loc":{"start":{"line":97,"column":52},"end":{"line":108,"column":14}},"line":97},"24":{"name":"(anonymous_24)","decl":{"start":{"line":97,"column":84},"end":{"line":97,"column":85}},"loc":{"start":{"line":97,"column":97},"end":{"line":108,"column":13}},"line":97},"25":{"name":"(anonymous_25)","decl":{"start":{"line":111,"column":25},"end":{"line":111,"column":26}},"loc":{"start":{"line":111,"column":34},"end":{"line":115,"column":18}},"line":111},"26":{"name":"(anonymous_26)","decl":{"start":{"line":111,"column":66},"end":{"line":111,"column":67}},"loc":{"start":{"line":111,"column":79},"end":{"line":115,"column":17}},"line":111},"27":{"name":"(anonymous_27)","decl":{"start":{"line":116,"column":22},"end":{"line":116,"column":23}},"loc":{"start":{"line":116,"column":34},"end":{"line":118,"column":18}},"line":116},"28":{"name":"(anonymous_28)","decl":{"start":{"line":116,"column":66},"end":{"line":116,"column":67}},"loc":{"start":{"line":116,"column":79},"end":{"line":118,"column":17}},"line":116},"29":{"name":"(anonymous_29)","decl":{"start":{"line":122,"column":4},"end":{"line":122,"column":5}},"loc":{"start":{"line":122,"column":36},"end":{"line":149,"column":5}},"line":122},"30":{"name":"(anonymous_30)","decl":{"start":{"line":123,"column":47},"end":{"line":123,"column":48}},"loc":{"start":{"line":123,"column":60},"end":{"line":148,"column":9}},"line":123},"31":{"name":"(anonymous_31)","decl":{"start":{"line":128,"column":34},"end":{"line":128,"column":35}},"loc":{"start":{"line":128,"column":52},"end":{"line":138,"column":14}},"line":128},"32":{"name":"(anonymous_32)","decl":{"start":{"line":128,"column":84},"end":{"line":128,"column":85}},"loc":{"start":{"line":128,"column":97},"end":{"line":138,"column":13}},"line":128},"33":{"name":"(anonymous_33)","decl":{"start":{"line":140,"column":25},"end":{"line":140,"column":26}},"loc":{"start":{"line":140,"column":34},"end":{"line":143,"column":18}},"line":140},"34":{"name":"(anonymous_34)","decl":{"start":{"line":140,"column":66},"end":{"line":140,"column":67}},"loc":{"start":{"line":140,"column":79},"end":{"line":143,"column":17}},"line":140},"35":{"name":"(anonymous_35)","decl":{"start":{"line":144,"column":22},"end":{"line":144,"column":23}},"loc":{"start":{"line":144,"column":34},"end":{"line":146,"column":18}},"line":144},"36":{"name":"(anonymous_36)","decl":{"start":{"line":144,"column":66},"end":{"line":144,"column":67}},"loc":{"start":{"line":144,"column":79},"end":{"line":146,"column":17}},"line":144},"37":{"name":"(anonymous_37)","decl":{"start":{"line":150,"column":4},"end":{"line":150,"column":5}},"loc":{"start":{"line":150,"column":20},"end":{"line":167,"column":5}},"line":150},"38":{"name":"(anonymous_38)","decl":{"start":{"line":152,"column":47},"end":{"line":152,"column":48}},"loc":{"start":{"line":152,"column":60},"end":{"line":166,"column":9}},"line":152},"39":{"name":"(anonymous_39)","decl":{"start":{"line":168,"column":4},"end":{"line":168,"column":5}},"loc":{"start":{"line":168,"column":21},"end":{"line":175,"column":5}},"line":168},"40":{"name":"(anonymous_40)","decl":{"start":{"line":176,"column":4},"end":{"line":176,"column":5}},"loc":{"start":{"line":176,"column":18},"end":{"line":182,"column":5}},"line":176},"41":{"name":"(anonymous_41)","decl":{"start":{"line":183,"column":4},"end":{"line":183,"column":5}},"loc":{"start":{"line":183,"column":18},"end":{"line":185,"column":5}},"line":183},"42":{"name":"(anonymous_42)","decl":{"start":{"line":186,"column":4},"end":{"line":186,"column":5}},"loc":{"start":{"line":186,"column":21},"end":{"line":188,"column":5}},"line":186}},"branchMap":{"0":{"loc":{"start":{"line":2,"column":16},"end":{"line":10,"column":1}},"type":"binary-expr","locations":[{"start":{"line":2,"column":17},"end":{"line":2,"column":21}},{"start":{"line":2,"column":25},"end":{"line":2,"column":39}},{"start":{"line":2,"column":44},"end":{"line":10,"column":1}}],"line":2},"1":{"loc":{"start":{"line":3,"column":35},"end":{"line":3,"column":109}},"type":"cond-expr","locations":[{"start":{"line":3,"column":56},"end":{"line":3,"column":61}},{"start":{"line":3,"column":64},"end":{"line":3,"column":109}}],"line":3},"2":{"loc":{"start":{"line":4,"column":16},"end":{"line":4,"column":34}},"type":"binary-expr","locations":[{"start":{"line":4,"column":16},"end":{"line":4,"column":17}},{"start":{"line":4,"column":22},"end":{"line":4,"column":33}}],"line":4},"3":{"loc":{"start":{"line":7,"column":32},"end":{"line":7,"column":115}},"type":"cond-expr","locations":[{"start":{"line":7,"column":46},"end":{"line":7,"column":67}},{"start":{"line":7,"column":70},"end":{"line":7,"column":115}}],"line":7},"4":{"loc":{"start":{"line":8,"column":51},"end":{"line":8,"column":67}},"type":"binary-expr","locations":[{"start":{"line":8,"column":51},"end":{"line":8,"column":61}},{"start":{"line":8,"column":65},"end":{"line":8,"column":67}}],"line":8},"5":{"loc":{"start":{"line":16,"column":3},"end":{"line":16,"column":32}},"type":"binary-expr","locations":[{"start":{"line":16,"column":3},"end":{"line":16,"column":12}},{"start":{"line":16,"column":17},"end":{"line":16,"column":31}}],"line":16},"6":{"loc":{"start":{"line":39,"column":8},"end":{"line":41,"column":9}},"type":"if","locations":[{"start":{"line":39,"column":8},"end":{"line":41,"column":9}},{"start":{},"end":{}}],"line":39},"7":{"loc":{"start":{"line":74,"column":12},"end":{"line":76,"column":13}},"type":"if","locations":[{"start":{"line":74,"column":12},"end":{"line":76,"column":13}},{"start":{},"end":{}}],"line":74},"8":{"loc":{"start":{"line":78,"column":16},"end":{"line":86,"column":17}},"type":"switch","locations":[{"start":{"line":79,"column":20},"end":{"line":80,"column":65}},{"start":{"line":81,"column":20},"end":{"line":83,"column":68}},{"start":{"line":84,"column":20},"end":{"line":85,"column":51}}],"line":78},"9":{"loc":{"start":{"line":92,"column":12},"end":{"line":95,"column":13}},"type":"if","locations":[{"start":{"line":92,"column":12},"end":{"line":95,"column":13}},{"start":{},"end":{}}],"line":92},"10":{"loc":{"start":{"line":98,"column":16},"end":{"line":98,"column":58}},"type":"binary-expr","locations":[{"start":{"line":98,"column":16},"end":{"line":98,"column":28}},{"start":{"line":98,"column":32},"end":{"line":98,"column":58}}],"line":98},"11":{"loc":{"start":{"line":99,"column":16},"end":{"line":107,"column":17}},"type":"if","locations":[{"start":{"line":99,"column":16},"end":{"line":107,"column":17}},{"start":{"line":103,"column":21},"end":{"line":107,"column":17}}],"line":99},"12":{"loc":{"start":{"line":105,"column":27},"end":{"line":105,"column":139}},"type":"cond-expr","locations":[{"start":{"line":105,"column":78},"end":{"line":105,"column":90}},{"start":{"line":105,"column":93},"end":{"line":105,"column":139}}],"line":105},"13":{"loc":{"start":{"line":105,"column":27},"end":{"line":105,"column":75}},"type":"binary-expr","locations":[{"start":{"line":105,"column":27},"end":{"line":105,"column":48}},{"start":{"line":105,"column":52},"end":{"line":105,"column":75}}],"line":105},"14":{"loc":{"start":{"line":112,"column":20},"end":{"line":112,"column":62}},"type":"binary-expr","locations":[{"start":{"line":112,"column":20},"end":{"line":112,"column":32}},{"start":{"line":112,"column":36},"end":{"line":112,"column":62}}],"line":112},"15":{"loc":{"start":{"line":124,"column":12},"end":{"line":127,"column":13}},"type":"if","locations":[{"start":{"line":124,"column":12},"end":{"line":127,"column":13}},{"start":{},"end":{}}],"line":124},"16":{"loc":{"start":{"line":129,"column":16},"end":{"line":137,"column":17}},"type":"if","locations":[{"start":{"line":129,"column":16},"end":{"line":137,"column":17}},{"start":{"line":133,"column":21},"end":{"line":137,"column":17}}],"line":129},"17":{"loc":{"start":{"line":135,"column":27},"end":{"line":135,"column":140}},"type":"cond-expr","locations":[{"start":{"line":135,"column":78},"end":{"line":135,"column":90}},{"start":{"line":135,"column":93},"end":{"line":135,"column":140}}],"line":135},"18":{"loc":{"start":{"line":135,"column":27},"end":{"line":135,"column":75}},"type":"binary-expr","locations":[{"start":{"line":135,"column":27},"end":{"line":135,"column":48}},{"start":{"line":135,"column":52},"end":{"line":135,"column":75}}],"line":135},"19":{"loc":{"start":{"line":156,"column":29},"end":{"line":156,"column":101}},"type":"cond-expr","locations":[{"start":{"line":156,"column":79},"end":{"line":156,"column":85}},{"start":{"line":156,"column":88},"end":{"line":156,"column":101}}],"line":156},"20":{"loc":{"start":{"line":156,"column":29},"end":{"line":156,"column":76}},"type":"binary-expr","locations":[{"start":{"line":156,"column":29},"end":{"line":156,"column":59}},{"start":{"line":156,"column":63},"end":{"line":156,"column":76}}],"line":156},"21":{"loc":{"start":{"line":157,"column":16},"end":{"line":160,"column":17}},"type":"if","locations":[{"start":{"line":157,"column":16},"end":{"line":160,"column":17}},{"start":{},"end":{}}],"line":157},"22":{"loc":{"start":{"line":157,"column":20},"end":{"line":157,"column":64}},"type":"binary-expr","locations":[{"start":{"line":157,"column":20},"end":{"line":157,"column":37}},{"start":{"line":157,"column":41},"end":{"line":157,"column":64}}],"line":157},"23":{"loc":{"start":{"line":169,"column":8},"end":{"line":171,"column":9}},"type":"if","locations":[{"start":{"line":169,"column":8},"end":{"line":171,"column":9}},{"start":{},"end":{}}],"line":169},"24":{"loc":{"start":{"line":178,"column":8},"end":{"line":180,"column":9}},"type":"if","locations":[{"start":{"line":178,"column":8},"end":{"line":180,"column":9}},{"start":{},"end":{}}],"line":178}},"s":{"0":1,"1":135,"2":7,"3":135,"4":121,"5":121,"6":0,"7":14,"8":14,"9":0,"10":269,"11":135,"12":1,"13":1,"14":1,"15":1,"16":13,"17":13,"18":13,"19":13,"20":13,"21":13,"22":13,"23":13,"24":13,"25":12,"26":0,"27":12,"28":12,"29":12,"30":12,"31":12,"32":12,"33":9,"34":9,"35":9,"36":3,"37":3,"38":3,"39":3,"40":3,"41":19,"42":19,"43":19,"44":13,"45":13,"46":1,"47":12,"48":12,"49":9,"50":3,"51":3,"52":0,"53":22,"54":22,"55":0,"56":0,"57":22,"58":22,"59":15,"60":15,"61":15,"62":13,"63":13,"64":2,"65":2,"66":2,"67":22,"68":22,"69":7,"70":7,"71":7,"72":7,"73":15,"74":15,"75":6,"76":6,"77":0,"78":0,"79":6,"80":4,"81":4,"82":3,"83":3,"84":1,"85":1,"86":1,"87":6,"88":2,"89":2,"90":2,"91":4,"92":4,"93":28,"94":28,"95":28,"96":28,"97":14,"98":5,"99":5,"100":9,"101":14,"102":15,"103":2,"104":13,"105":13,"106":4,"107":4,"108":1,"109":3,"110":9,"111":3,"112":1},"f":{"0":135,"1":135,"2":7,"3":135,"4":121,"5":14,"6":269,"7":1,"8":13,"9":12,"10":12,"11":12,"12":9,"13":3,"14":3,"15":19,"16":19,"17":19,"18":13,"19":13,"20":12,"21":22,"22":22,"23":15,"24":15,"25":7,"26":7,"27":15,"28":15,"29":6,"30":6,"31":4,"32":4,"33":2,"34":2,"35":4,"36":4,"37":28,"38":28,"39":15,"40":4,"41":9,"42":3},"b":{"0":[1,1,1],"1":[128,7],"2":[135,135],"3":[134,135],"4":[135,135],"5":[1,1],"6":[0,12],"7":[1,12],"8":[9,3,0],"9":[0,22],"10":[15,15],"11":[13,2],"12":[1,1],"13":[2,2],"14":[7,7],"15":[0,6],"16":[3,1],"17":[1,0],"18":[1,1],"19":[0,28],"20":[28,28],"21":[5,9],"22":[14,7],"23":[2,13],"24":[1,3]},"_coverageSchema":"1a1c01bbd47fc00a2c39e90264f33305004495a9","hash":"1820bd13cf718646923502d7b5343b21f6bc3e24"}
}
