TN:
SF:src/index.ts
FN:2,(anonymous_0)
FN:3,adopt
FN:3,(anonymous_2)
FN:4,(anonymous_3)
FN:5,fulfilled
FN:6,rejected
FN:7,step
FN:13,(anonymous_7)
FN:18,(anonymous_8)
FN:34,(anonymous_9)
FN:41,(anonymous_10)
FN:45,(anonymous_11)
FN:49,(anonymous_12)
FN:59,(anonymous_13)
FN:63,(anonymous_14)
FN:64,(anonymous_15)
FN:68,(anonymous_16)
FN:75,(anonymous_17)
FN:77,(anonymous_18)
FN:83,(anonymous_19)
FN:83,(anonymous_20)
FN:111,(anonymous_21)
FN:112,(anonymous_22)
FN:113,(anonymous_23)
FN:116,(anonymous_24)
FN:124,(anonymous_25)
FNF:26
FNH:26
FNDA:63,(anonymous_0)
FNDA:63,adopt
FNDA:7,(anonymous_2)
FNDA:63,(anonymous_3)
FNDA:53,fulfilled
FNDA:10,rejected
FNDA:125,step
FNDA:1,(anonymous_7)
FNDA:10,(anonymous_8)
FNDA:9,(anonymous_9)
FNDA:9,(anonymous_10)
FNDA:9,(anonymous_11)
FNDA:9,(anonymous_12)
FNDA:3,(anonymous_13)
FNDA:10,(anonymous_14)
FNDA:10,(anonymous_15)
FNDA:9,(anonymous_16)
FNDA:22,(anonymous_17)
FNDA:22,(anonymous_18)
FNDA:15,(anonymous_19)
FNDA:15,(anonymous_20)
FNDA:16,(anonymous_21)
FNDA:16,(anonymous_22)
FNDA:16,(anonymous_23)
FNDA:15,(anonymous_24)
FNDA:7,(anonymous_25)
DA:2,1
DA:3,63
DA:4,63
DA:5,53
DA:6,10
DA:7,125
DA:8,63
DA:11,1
DA:13,1
DA:14,1
DA:26,10
DA:27,10
DA:28,10
DA:29,10
DA:30,10
DA:31,10
DA:32,10
DA:35,9
DA:36,0
DA:38,9
DA:39,9
DA:42,9
DA:43,9
DA:46,9
DA:47,9
DA:50,9
DA:51,9
DA:52,9
DA:60,3
DA:61,3
DA:64,10
DA:65,10
DA:66,1
DA:68,9
DA:69,9
DA:70,9
DA:77,22
DA:78,22
DA:79,0
DA:80,0
DA:82,22
DA:83,22
DA:84,15
DA:85,15
DA:86,13
DA:87,13
DA:90,2
DA:91,2
DA:94,22
DA:96,22
DA:97,22
DA:98,12
DA:99,12
DA:100,5
DA:101,5
DA:103,7
DA:104,7
DA:107,10
DA:112,16
DA:113,16
DA:117,15
DA:118,2
DA:121,13
DA:122,13
DA:125,7
DA:128,1
LF:66
LH:63
BRDA:2,0,0,1
BRDA:2,0,1,1
BRDA:2,0,2,1
BRDA:3,1,0,56
BRDA:3,1,1,7
BRDA:4,2,0,63
BRDA:4,2,1,63
BRDA:7,3,0,62
BRDA:7,3,1,63
BRDA:8,4,0,63
BRDA:8,4,1,63
BRDA:16,5,0,1
BRDA:16,5,1,1
BRDA:35,6,0,0
BRDA:35,6,1,9
BRDA:65,7,0,1
BRDA:65,7,1,9
BRDA:69,8,0,9
BRDA:69,8,1,0
BRDA:78,9,0,0
BRDA:78,9,1,22
BRDA:84,10,0,15
BRDA:84,10,1,15
BRDA:85,11,0,13
BRDA:85,11,1,2
BRDA:90,12,0,1
BRDA:90,12,1,1
BRDA:90,13,0,2
BRDA:90,13,1,2
BRDA:97,14,0,0
BRDA:97,14,1,22
BRDA:97,15,0,22
BRDA:97,15,1,22
BRDA:99,16,0,5
BRDA:99,16,1,7
BRDA:99,17,0,12
BRDA:99,17,1,7
BRDA:117,18,0,2
BRDA:117,18,1,13
BRF:39
BRH:35
end_of_record
