TN:
SF:src/index.ts
FN:2,(anonymous_0)
FN:3,adopt
FN:3,(anonymous_2)
FN:4,(anonymous_3)
FN:5,fulfilled
FN:6,rejected
FN:7,step
FN:13,(anonymous_7)
FN:18,(anonymous_8)
FN:38,(anonymous_9)
FN:45,(anonymous_10)
FN:49,(anonymous_11)
FN:53,(anonymous_12)
FN:58,(anonymous_13)
FN:63,(anonymous_14)
FN:67,(anonymous_15)
FN:68,(anonymous_16)
FN:69,(anonymous_17)
FN:72,(anonymous_18)
FN:73,(anonymous_19)
FN:77,(anonymous_20)
FN:90,(anonymous_21)
FN:91,(anonymous_22)
FN:97,(anonymous_23)
FN:97,(anonymous_24)
FN:111,(anonymous_25)
FN:111,(anonymous_26)
FN:116,(anonymous_27)
FN:116,(anonymous_28)
FN:122,(anonymous_29)
FN:123,(anonymous_30)
FN:128,(anonymous_31)
FN:128,(anonymous_32)
FN:140,(anonymous_33)
FN:140,(anonymous_34)
FN:144,(anonymous_35)
FN:144,(anonymous_36)
FN:150,(anonymous_37)
FN:152,(anonymous_38)
FN:168,(anonymous_39)
FN:176,(anonymous_40)
FN:183,(anonymous_41)
FN:186,(anonymous_42)
FNF:43
FNH:43
FNDA:135,(anonymous_0)
FNDA:135,adopt
FNDA:7,(anonymous_2)
FNDA:135,(anonymous_3)
FNDA:121,fulfilled
FNDA:14,rejected
FNDA:269,step
FNDA:1,(anonymous_7)
FNDA:13,(anonymous_8)
FNDA:12,(anonymous_9)
FNDA:12,(anonymous_10)
FNDA:12,(anonymous_11)
FNDA:9,(anonymous_12)
FNDA:3,(anonymous_13)
FNDA:3,(anonymous_14)
FNDA:19,(anonymous_15)
FNDA:19,(anonymous_16)
FNDA:19,(anonymous_17)
FNDA:13,(anonymous_18)
FNDA:13,(anonymous_19)
FNDA:12,(anonymous_20)
FNDA:22,(anonymous_21)
FNDA:22,(anonymous_22)
FNDA:15,(anonymous_23)
FNDA:15,(anonymous_24)
FNDA:7,(anonymous_25)
FNDA:7,(anonymous_26)
FNDA:15,(anonymous_27)
FNDA:15,(anonymous_28)
FNDA:6,(anonymous_29)
FNDA:6,(anonymous_30)
FNDA:4,(anonymous_31)
FNDA:4,(anonymous_32)
FNDA:2,(anonymous_33)
FNDA:2,(anonymous_34)
FNDA:4,(anonymous_35)
FNDA:4,(anonymous_36)
FNDA:28,(anonymous_37)
FNDA:28,(anonymous_38)
FNDA:15,(anonymous_39)
FNDA:4,(anonymous_40)
FNDA:9,(anonymous_41)
FNDA:3,(anonymous_42)
DA:2,1
DA:3,135
DA:4,135
DA:5,121
DA:6,14
DA:7,269
DA:8,135
DA:11,1
DA:13,1
DA:14,1
DA:15,1
DA:28,13
DA:29,13
DA:30,13
DA:31,13
DA:32,13
DA:33,13
DA:34,13
DA:35,13
DA:36,13
DA:39,12
DA:40,0
DA:42,12
DA:43,12
DA:46,12
DA:47,12
DA:50,12
DA:51,12
DA:54,9
DA:55,9
DA:56,9
DA:59,3
DA:60,3
DA:61,3
DA:64,3
DA:65,3
DA:68,19
DA:69,19
DA:73,13
DA:74,13
DA:75,1
DA:77,12
DA:78,12
DA:80,9
DA:82,3
DA:83,3
DA:85,0
DA:91,22
DA:92,22
DA:93,0
DA:94,0
DA:96,22
DA:97,22
DA:98,15
DA:99,15
DA:100,13
DA:101,13
DA:104,2
DA:105,2
DA:106,2
DA:109,22
DA:110,22
DA:111,7
DA:112,7
DA:113,7
DA:114,7
DA:116,15
DA:117,15
DA:123,6
DA:124,6
DA:125,0
DA:126,0
DA:128,6
DA:129,4
DA:130,3
DA:131,3
DA:134,1
DA:135,1
DA:136,1
DA:139,6
DA:140,2
DA:141,2
DA:142,2
DA:144,4
DA:145,4
DA:152,28
DA:153,28
DA:155,28
DA:156,28
DA:157,14
DA:158,5
DA:159,5
DA:161,9
DA:164,14
DA:169,15
DA:170,2
DA:173,13
DA:174,13
DA:177,4
DA:178,4
DA:179,1
DA:181,3
DA:184,9
DA:187,3
DA:190,1
LF:105
LH:99
BRDA:2,0,0,1
BRDA:2,0,1,1
BRDA:2,0,2,1
BRDA:3,1,0,128
BRDA:3,1,1,7
BRDA:4,2,0,135
BRDA:4,2,1,135
BRDA:7,3,0,134
BRDA:7,3,1,135
BRDA:8,4,0,135
BRDA:8,4,1,135
BRDA:16,5,0,1
BRDA:16,5,1,1
BRDA:39,6,0,0
BRDA:39,6,1,12
BRDA:74,7,0,1
BRDA:74,7,1,12
BRDA:78,8,0,9
BRDA:78,8,1,3
BRDA:78,8,2,0
BRDA:92,9,0,0
BRDA:92,9,1,22
BRDA:98,10,0,15
BRDA:98,10,1,15
BRDA:99,11,0,13
BRDA:99,11,1,2
BRDA:105,12,0,1
BRDA:105,12,1,1
BRDA:105,13,0,2
BRDA:105,13,1,2
BRDA:112,14,0,7
BRDA:112,14,1,7
BRDA:124,15,0,0
BRDA:124,15,1,6
BRDA:129,16,0,3
BRDA:129,16,1,1
BRDA:135,17,0,1
BRDA:135,17,1,0
BRDA:135,18,0,1
BRDA:135,18,1,1
BRDA:156,19,0,0
BRDA:156,19,1,28
BRDA:156,20,0,28
BRDA:156,20,1,28
BRDA:157,21,0,5
BRDA:157,21,1,9
BRDA:157,22,0,14
BRDA:157,22,1,7
BRDA:169,23,0,2
BRDA:169,23,1,13
BRDA:178,24,0,1
BRDA:178,24,1,3
BRF:52
BRH:46
end_of_record
